<?xml version="1.0" encoding="UTF-8"?>
<!-- Generated by org.testng.reporters.JUnitReportReporter -->
<testsuite hostname="SANKET-PC" name="sanity.LoginTestCase" tests="3" failures="0" timestamp="23 Oct 2018 11:36:13 GMT" time="14.356" errors="0">
  <testcase name="invalidLogin" time="10.652" classname="sanity.LoginTestCase"/>
  <testcase name="testVisiblityofAllComponets" time="0.142" classname="sanity.LoginTestCase"/>
  <testcase name="validLogin" time="3.562" classname="sanity.LoginTestCase"/>
</testsuite> <!-- sanity.LoginTestCase -->
