<?xml version="1.0" encoding="UTF-8"?>
<!-- Generated by org.testng.reporters.JUnitReportReporter -->
<testsuite hostname="SANKET-PC" name="sanity.LoginTestCase" tests="3" failures="0" timestamp="19 Nov 2018 10:40:35 GMT" time="15.369" errors="0">
  <testcase name="test_VisiblityofAllComponets" time="0.170" classname="sanity.LoginTestCase"/>
  <testcase name="test_validLogin" time="2.680" classname="sanity.LoginTestCase"/>
  <testcase name="test_invalidLogin" time="12.519" classname="sanity.LoginTestCase"/>
</testsuite> <!-- sanity.LoginTestCase -->
