<?xml version="1.0" encoding="UTF-8"?>
<!-- Generated by org.testng.reporters.JUnitReportReporter -->
<testsuite hostname="SANKET-PC" name="sanity.LoginTestCase" tests="3" failures="0" timestamp="25 Oct 2018 07:25:09 GMT" time="14.483" errors="0">
  <testcase name="invalidLogin" time="10.681" classname="sanity.LoginTestCase"/>
  <testcase name="validLogin" time="3.655" classname="sanity.LoginTestCase"/>
  <testcase name="testVisiblityofAllComponets" time="0.147" classname="sanity.LoginTestCase"/>
</testsuite> <!-- sanity.LoginTestCase -->
