<?xml version="1.0" encoding="UTF-8"?>
<!-- Generated by org.testng.reporters.JUnitReportReporter -->
<testsuite hostname="SANKET-PC" name="sanity.LoginTestCase" tests="3" failures="0" timestamp="18 Jan 2019 11:22:04 GMT" time="22.524" errors="0">
  <testcase name="test_invalidLogin" time="18.147" classname="sanity.LoginTestCase"/>
  <testcase name="test_VisiblityofAllComponets" time="1.291" classname="sanity.LoginTestCase"/>
  <testcase name="test_validLogin" time="3.086" classname="sanity.LoginTestCase"/>
</testsuite> <!-- sanity.LoginTestCase -->
