<?xml version="1.0" encoding="UTF-8"?>
<!-- Generated by org.testng.reporters.JUnitReportReporter -->
<testsuite hostname="SANKET-PC" name="sanity.LoginTestCase" tests="3" failures="0" timestamp="21 Nov 2018 06:22:50 GMT" time="15.411" errors="0">
  <testcase name="test_VisiblityofAllComponets" time="0.151" classname="sanity.LoginTestCase"/>
  <testcase name="test_validLogin" time="2.694" classname="sanity.LoginTestCase"/>
  <testcase name="test_invalidLogin" time="12.566" classname="sanity.LoginTestCase"/>
</testsuite> <!-- sanity.LoginTestCase -->
