<?xml version="1.0" encoding="UTF-8"?>
<!-- Generated by org.testng.reporters.JUnitReportReporter -->
<testsuite hostname="SANKET-PC" name="sanity.LoginTestCase" tests="3" failures="0" timestamp="24 Oct 2018 10:05:51 GMT" time="14.106" errors="0">
  <testcase name="invalidLogin" time="10.576" classname="sanity.LoginTestCase"/>
  <testcase name="testVisiblityofAllComponets" time="0.123" classname="sanity.LoginTestCase"/>
  <testcase name="validLogin" time="3.407" classname="sanity.LoginTestCase"/>
</testsuite> <!-- sanity.LoginTestCase -->
